0 info it worked if it ends with ok
1 verbose cli [ 'C:\\Program Files\\nodejs\\node.exe',
1 verbose cli   'C:\\Program Files\\nodejs\\node_modules\\npm\\bin\\npm-cli.js',
1 verbose cli   'install',
1 verbose cli   'jquery' ]
2 info using npm@3.10.9
3 info using node@v7.1.0
4 silly loadCurrentTree Starting
5 silly install loadCurrentTree
6 silly install readLocalPackageData
7 verbose stack Error: kill ENOSYS
7 verbose stack     at exports._errnoException (util.js:1022:11)
7 verbose stack     at process.kill (internal/process.js:173:13)
7 verbose stack     at process.listener (C:\Program Files\nodejs\node_modules\npm\node_modules\npmlog\node_modules\gauge\node_modules\signal-exit\index.js:86:15)
7 verbose stack     at emitNone (events.js:91:20)
7 verbose stack     at process.emit (events.js:185:7)
7 verbose stack     at processEmit (C:\Program Files\nodejs\node_modules\npm\node_modules\npmlog\node_modules\gauge\node_modules\signal-exit\index.js:146:32)
7 verbose stack     at processEmit (C:\Program Files\nodejs\node_modules\npm\node_modules\npm-registry-client\node_modules\npmlog\node_modules\gauge\node_modules\signal-exit\index.js:146:32)
7 verbose stack     at Signal.wrap.onsignal (internal/process.js:200:44)
8 verbose cwd c:\xampp\htdocs\fotosferaCMS
9 error Windows_NT 6.1.7601
10 error argv "C:\\Program Files\\nodejs\\node.exe" "C:\\Program Files\\nodejs\\node_modules\\npm\\bin\\npm-cli.js" "install" "jquery"
11 error node v7.1.0
12 error npm  v3.10.9
13 error code ENOSYS
14 error errno ENOSYS
15 error syscall kill
16 error kill ENOSYS
17 error If you need help, you may report this error at:
17 error     <https://github.com/npm/npm/issues>
18 verbose exit [ 1, true ]
